Using pre-set license
Built from '2021.3/staging' branch; Version is '2021.3.9f1 (ad3870b89536) revision 11352176'; Using compiler version '192829333'; Build Type 'Release'
OS: 'Windows 10  (10.0.19045) 64bit Professional' Language: 'en' Physical Memory: 32718 MB
BatchMode: 1, IsHumanControllingUs: 0, StartBugReporterOnCrash: 0, Is64bit: 1, IsPro: 1

COMMAND LINE ARGUMENTS:
C:\Program Files\Unity\Hub\Editor\2021.3.9f1\Editor\Unity.exe
-adb2
-batchMode
-noUpm
-name
AssetImportWorker0
-projectPath
C:/Users/Kevin/Documents/Unity 2021.3.9/Olivers Hazuki 2
-logFile
Logs/AssetImportWorker0.log
-srvPort
49259
Successfully changed project path to: C:/Users/Kevin/Documents/Unity 2021.3.9/Olivers Hazuki 2
C:/Users/Kevin/Documents/Unity 2021.3.9/Olivers Hazuki 2
[UnityMemory] Configuration Parameters - Can be set up in boot.config
    "memorysetup-bucket-allocator-granularity=16"
    "memorysetup-bucket-allocator-bucket-count=8"
    "memorysetup-bucket-allocator-block-size=33554432"
    "memorysetup-bucket-allocator-block-count=8"
    "memorysetup-main-allocator-block-size=16777216"
    "memorysetup-thread-allocator-block-size=16777216"
    "memorysetup-gfx-main-allocator-block-size=16777216"
    "memorysetup-gfx-thread-allocator-block-size=16777216"
    "memorysetup-cache-allocator-block-size=4194304"
    "memorysetup-typetree-allocator-block-size=2097152"
    "memorysetup-profiler-bucket-allocator-granularity=16"
    "memorysetup-profiler-bucket-allocator-bucket-count=8"
    "memorysetup-profiler-bucket-allocator-block-size=33554432"
    "memorysetup-profiler-bucket-allocator-block-count=8"
    "memorysetup-profiler-allocator-block-size=16777216"
    "memorysetup-profiler-editor-allocator-block-size=1048576"
    "memorysetup-temp-allocator-size-main=16777216"
    "memorysetup-job-temp-allocator-block-size=2097152"
    "memorysetup-job-temp-allocator-block-size-background=1048576"
    "memorysetup-job-temp-allocator-reduction-small-platforms=262144"
    "memorysetup-temp-allocator-size-background-worker=32768"
    "memorysetup-temp-allocator-size-job-worker=262144"
    "memorysetup-temp-allocator-size-preload-manager=33554432"
    "memorysetup-temp-allocator-size-nav-mesh-worker=65536"
    "memorysetup-temp-allocator-size-audio-worker=65536"
    "memorysetup-temp-allocator-size-cloud-worker=32768"
    "memorysetup-temp-allocator-size-gi-baking-worker=262144"
    "memorysetup-temp-allocator-size-gfx=262144"
Refreshing native plugins compatible for Editor in 78.52 ms, found 3 plugins.
Preloading 0 native plugins for Editor in 0.00 ms.
Initialize engine version: 2021.3.9f1 (ad3870b89536)
[Subsystems] Discovering subsystems at path C:/Program Files/Unity/Hub/Editor/2021.3.9f1/Editor/Data/Resources/UnitySubsystems
[Subsystems] Discovering subsystems at path C:/Users/Kevin/Documents/Unity 2021.3.9/Olivers Hazuki 2/Assets
GfxDevice: creating device client; threaded=0; jobified=0
Direct3D:
    Version:  Direct3D 11.0 [level 11.1]
    Renderer: NVIDIA GeForce GTX 1080 Ti (ID=0x1b06)
    Vendor:   NVIDIA
    VRAM:     11120 MB
    Driver:   31.0.15.3713
Initialize mono
Mono path[0] = 'C:/Program Files/Unity/Hub/Editor/2021.3.9f1/Editor/Data/Managed'
Mono path[1] = 'C:/Program Files/Unity/Hub/Editor/2021.3.9f1/Editor/Data/MonoBleedingEdge/lib/mono/unityjit-win32'
Mono config path = 'C:/Program Files/Unity/Hub/Editor/2021.3.9f1/Editor/Data/MonoBleedingEdge/etc'
Using monoOptions --debugger-agent=transport=dt_socket,embedding=1,server=y,suspend=n,address=127.0.0.1:56352
Begin MonoManager ReloadAssembly
Registering precompiled unity dll's ...
Register platform support module: C:/Program Files/Unity/Hub/Editor/2021.3.9f1/Editor/Data/PlaybackEngines/WebGLSupport/UnityEditor.WebGL.Extensions.dll
Register platform support module: C:/Program Files/Unity/Hub/Editor/2021.3.9f1/Editor/Data/PlaybackEngines/WindowsStandaloneSupport/UnityEditor.WindowsStandalone.Extensions.dll
Registered in 0.007620 seconds.
Native extension for WindowsStandalone target not found
Native extension for WebGL target not found
Refreshing native plugins compatible for Editor in 190.97 ms, found 3 plugins.
Preloading 0 native plugins for Editor in 0.00 ms.
Mono: successfully reloaded assembly
- Completed reload, in  1.013 seconds
Domain Reload Profiling:
	ReloadAssembly (1013ms)
		BeginReloadAssembly (92ms)
			ExecutionOrderSort (0ms)
			DisableScriptedObjects (0ms)
			BackupInstance (0ms)
			ReleaseScriptingObjects (0ms)
			CreateAndSetChildDomain (1ms)
		EndReloadAssembly (792ms)
			LoadAssemblies (91ms)
			RebuildTransferFunctionScriptingTraits (0ms)
			SetupTypeCache (192ms)
			ReleaseScriptCaches (0ms)
			RebuildScriptCaches (78ms)
			SetupLoadedEditorAssemblies (390ms)
				LogAssemblyErrors (0ms)
				InitializePlatformSupportModulesInManaged (15ms)
				SetLoadedEditorAssemblies (1ms)
				RefreshPlugins (191ms)
				BeforeProcessingInitializeOnLoad (2ms)
				ProcessInitializeOnLoadAttributes (137ms)
				ProcessInitializeOnLoadMethodAttributes (45ms)
				AfterProcessingInitializeOnLoad (0ms)
				EditorAssembliesLoaded (0ms)
			ExecutionOrderSort2 (0ms)
			AwakeInstancesAfterBackupRestoration (0ms)
Platform modules already initialized, skipping
Registering precompiled user dll's ...
Registered in 0.005669 seconds.
Begin MonoManager ReloadAssembly
Native extension for WindowsStandalone target not found
Native extension for WebGL target not found
Refreshing native plugins compatible for Editor in 0.83 ms, found 3 plugins.
Preloading 0 native plugins for Editor in 0.00 ms.
Mono: successfully reloaded assembly
- Completed reload, in  3.529 seconds
Domain Reload Profiling:
	ReloadAssembly (3530ms)
		BeginReloadAssembly (183ms)
			ExecutionOrderSort (0ms)
			DisableScriptedObjects (8ms)
			BackupInstance (0ms)
			ReleaseScriptingObjects (0ms)
			CreateAndSetChildDomain (35ms)
		EndReloadAssembly (3134ms)
			LoadAssemblies (2488ms)
			RebuildTransferFunctionScriptingTraits (0ms)
			SetupTypeCache (240ms)
			ReleaseScriptCaches (1ms)
			RebuildScriptCaches (46ms)
			SetupLoadedEditorAssemblies (329ms)
				LogAssemblyErrors (0ms)
				InitializePlatformSupportModulesInManaged (10ms)
				SetLoadedEditorAssemblies (0ms)
				RefreshPlugins (1ms)
				BeforeProcessingInitializeOnLoad (82ms)
				ProcessInitializeOnLoadAttributes (200ms)
				ProcessInitializeOnLoadMethodAttributes (26ms)
				AfterProcessingInitializeOnLoad (10ms)
				EditorAssembliesLoaded (0ms)
			ExecutionOrderSort2 (0ms)
			AwakeInstancesAfterBackupRestoration (6ms)
Platform modules already initialized, skipping
========================================================================
Worker process is ready to serve import requests
Launched and connected shader compiler UnityShaderCompiler.exe after 0.05 seconds
Refreshing native plugins compatible for Editor in 1.31 ms, found 3 plugins.
Preloading 0 native plugins for Editor in 0.00 ms.
Unloading 3383 Unused Serialized files (Serialized files now loaded: 0)
Unloading 27 unused Assets / (111.4 KB). Loaded Objects now: 3843.
Memory consumption went from 119.0 MB to 118.9 MB.
Total: 4.132700 ms (FindLiveObjects: 0.524500 ms CreateObjectMapping: 0.110500 ms MarkObjects: 3.327900 ms  DeleteObjects: 0.168300 ms)

AssetImportParameters requested are different than current active one (requested -> active):
  custom:video-decoder-ogg-theora: a1e56fd34408186e4bbccfd4996cb3dc -> 
  custom:container-muxer-webm: aa71ff27fc2769a1b78a27578f13a17b -> 
  custom:container-demuxer-webm: 4f35f7cbe854078d1ac9338744f61a02 -> 
  custom:video-encoder-webm-vp8: eb34c28f22e8b96e1ab97ce403110664 -> 
  custom:audio-encoder-webm-vorbis: bf7c407c2cedff20999df2af8eb42d56 -> 
  custom:framework-win-MediaFoundation: 216162199b28c13a410421893ffa2e32 -> 
  custom:container-demuxer-ogg: 62fdf1f143b41e24485cea50d1cbac27 -> 
  custom:video-decoder-webm-vp8: 9c59270c3fd7afecdb556c50c9e8de78 -> 
  custom:audio-decoder-ogg-vorbis: bf7c407c2cedff20999df2af8eb42d56 -> 
========================================================================
Received Prepare
Registering precompiled user dll's ...
Registered in 0.005246 seconds.
Begin MonoManager ReloadAssembly
Native extension for WindowsStandalone target not found
Native extension for WebGL target not found
Refreshing native plugins compatible for Editor in 0.58 ms, found 3 plugins.
Preloading 0 native plugins for Editor in 0.00 ms.
Mono: successfully reloaded assembly
- Completed reload, in  0.907 seconds
Domain Reload Profiling:
	ReloadAssembly (908ms)
		BeginReloadAssembly (135ms)
			ExecutionOrderSort (0ms)
			DisableScriptedObjects (5ms)
			BackupInstance (0ms)
			ReleaseScriptingObjects (0ms)
			CreateAndSetChildDomain (37ms)
		EndReloadAssembly (678ms)
			LoadAssemblies (85ms)
			RebuildTransferFunctionScriptingTraits (0ms)
			SetupTypeCache (257ms)
			ReleaseScriptCaches (1ms)
			RebuildScriptCaches (35ms)
			SetupLoadedEditorAssemblies (278ms)
				LogAssemblyErrors (0ms)
				InitializePlatformSupportModulesInManaged (13ms)
				SetLoadedEditorAssemblies (0ms)
				RefreshPlugins (1ms)
				BeforeProcessingInitializeOnLoad (62ms)
				ProcessInitializeOnLoadAttributes (170ms)
				ProcessInitializeOnLoadMethodAttributes (24ms)
				AfterProcessingInitializeOnLoad (8ms)
				EditorAssembliesLoaded (0ms)
			ExecutionOrderSort2 (0ms)
			AwakeInstancesAfterBackupRestoration (5ms)
Platform modules already initialized, skipping
Refreshing native plugins compatible for Editor in 2.04 ms, found 3 plugins.
Preloading 0 native plugins for Editor in 0.00 ms.
Unloading 3378 Unused Serialized files (Serialized files now loaded: 0)
Unloading 20 unused Assets / (78.6 KB). Loaded Objects now: 3846.
Memory consumption went from 118.9 MB to 118.8 MB.
Total: 2.894800 ms (FindLiveObjects: 0.322200 ms CreateObjectMapping: 0.076800 ms MarkObjects: 2.388700 ms  DeleteObjects: 0.105700 ms)

AssetImportParameters requested are different than current active one (requested -> active):
  custom:video-decoder-ogg-theora: a1e56fd34408186e4bbccfd4996cb3dc -> 
  custom:container-muxer-webm: aa71ff27fc2769a1b78a27578f13a17b -> 
  custom:container-demuxer-webm: 4f35f7cbe854078d1ac9338744f61a02 -> 
  custom:video-encoder-webm-vp8: eb34c28f22e8b96e1ab97ce403110664 -> 
  custom:audio-encoder-webm-vorbis: bf7c407c2cedff20999df2af8eb42d56 -> 
  custom:framework-win-MediaFoundation: 216162199b28c13a410421893ffa2e32 -> 
  custom:container-demuxer-ogg: 62fdf1f143b41e24485cea50d1cbac27 -> 
  custom:video-decoder-webm-vp8: 9c59270c3fd7afecdb556c50c9e8de78 -> 
  custom:audio-decoder-ogg-vorbis: bf7c407c2cedff20999df2af8eb42d56 -> 
========================================================================
Received Import Request.
  Time since last request: 192671.996540 seconds.
  path: Assets/unknown m.png
  artifactKey: Guid(dbb788f7db47bdb4ea58655c9ebadfcd) Importer(815301076,1909f56bfc062723c751e8b465ee728b)
Start importing Assets/unknown m.png using Guid(dbb788f7db47bdb4ea58655c9ebadfcd) Importer(815301076,1909f56bfc062723c751e8b465ee728b)  -> (artifact id: 'ecb66f5ac44fc6d5b7bab681ba73e5dd') in 0.141217 seconds 
========================================================================
Received Prepare
Refreshing native plugins compatible for Editor in 4.34 ms, found 3 plugins.
Preloading 0 native plugins for Editor in 0.00 ms.
Unloading 20 Unused Serialized files (Serialized files now loaded: 0)
Unloading 20 unused Assets / (75.8 KB). Loaded Objects now: 3853.
Memory consumption went from 56.3 MB to 56.2 MB.
Total: 3.045000 ms (FindLiveObjects: 0.288400 ms CreateObjectMapping: 0.081400 ms MarkObjects: 2.604300 ms  DeleteObjects: 0.070300 ms)

AssetImportParameters requested are different than current active one (requested -> active):
  custom:video-decoder-ogg-theora: a1e56fd34408186e4bbccfd4996cb3dc -> 
  custom:container-muxer-webm: aa71ff27fc2769a1b78a27578f13a17b -> 
  custom:container-demuxer-webm: 4f35f7cbe854078d1ac9338744f61a02 -> 
  custom:video-encoder-webm-vp8: eb34c28f22e8b96e1ab97ce403110664 -> 
  custom:audio-encoder-webm-vorbis: bf7c407c2cedff20999df2af8eb42d56 -> 
  custom:framework-win-MediaFoundation: 216162199b28c13a410421893ffa2e32 -> 
  custom:container-demuxer-ogg: 62fdf1f143b41e24485cea50d1cbac27 -> 
  custom:video-decoder-webm-vp8: 9c59270c3fd7afecdb556c50c9e8de78 -> 
  custom:audio-decoder-ogg-vorbis: bf7c407c2cedff20999df2af8eb42d56 -> 
========================================================================
Received Prepare
Refreshing native plugins compatible for Editor in 6.33 ms, found 3 plugins.
Preloading 0 native plugins for Editor in 0.00 ms.
Unloading 20 Unused Serialized files (Serialized files now loaded: 0)
Unloading 20 unused Assets / (75.8 KB). Loaded Objects now: 3853.
Memory consumption went from 56.3 MB to 56.2 MB.
Total: 4.028800 ms (FindLiveObjects: 0.513800 ms CreateObjectMapping: 0.105200 ms MarkObjects: 3.297900 ms  DeleteObjects: 0.111000 ms)

AssetImportParameters requested are different than current active one (requested -> active):
  custom:video-decoder-ogg-theora: a1e56fd34408186e4bbccfd4996cb3dc -> 
  custom:container-muxer-webm: aa71ff27fc2769a1b78a27578f13a17b -> 
  custom:container-demuxer-webm: 4f35f7cbe854078d1ac9338744f61a02 -> 
  custom:video-encoder-webm-vp8: eb34c28f22e8b96e1ab97ce403110664 -> 
  custom:audio-encoder-webm-vorbis: bf7c407c2cedff20999df2af8eb42d56 -> 
  custom:framework-win-MediaFoundation: 216162199b28c13a410421893ffa2e32 -> 
  custom:container-demuxer-ogg: 62fdf1f143b41e24485cea50d1cbac27 -> 
  custom:video-decoder-webm-vp8: 9c59270c3fd7afecdb556c50c9e8de78 -> 
  custom:audio-decoder-ogg-vorbis: bf7c407c2cedff20999df2af8eb42d56 -> 
========================================================================
Received Prepare
Registering precompiled user dll's ...
Registered in 0.005833 seconds.
Begin MonoManager ReloadAssembly
Native extension for WindowsStandalone target not found
Native extension for WebGL target not found
Refreshing native plugins compatible for Editor in 0.85 ms, found 3 plugins.
Preloading 0 native plugins for Editor in 0.00 ms.
Mono: successfully reloaded assembly
- Completed reload, in  0.920 seconds
Domain Reload Profiling:
	ReloadAssembly (921ms)
		BeginReloadAssembly (134ms)
			ExecutionOrderSort (0ms)
			DisableScriptedObjects (5ms)
			BackupInstance (0ms)
			ReleaseScriptingObjects (0ms)
			CreateAndSetChildDomain (39ms)
		EndReloadAssembly (688ms)
			LoadAssemblies (83ms)
			RebuildTransferFunctionScriptingTraits (0ms)
			SetupTypeCache (234ms)
			ReleaseScriptCaches (1ms)
			RebuildScriptCaches (41ms)
			SetupLoadedEditorAssemblies (302ms)
				LogAssemblyErrors (0ms)
				InitializePlatformSupportModulesInManaged (15ms)
				SetLoadedEditorAssemblies (0ms)
				RefreshPlugins (1ms)
				BeforeProcessingInitializeOnLoad (71ms)
				ProcessInitializeOnLoadAttributes (178ms)
				ProcessInitializeOnLoadMethodAttributes (26ms)
				AfterProcessingInitializeOnLoad (10ms)
				EditorAssembliesLoaded (0ms)
			ExecutionOrderSort2 (0ms)
			AwakeInstancesAfterBackupRestoration (6ms)
Platform modules already initialized, skipping
Refreshing native plugins compatible for Editor in 2.69 ms, found 3 plugins.
Preloading 0 native plugins for Editor in 0.00 ms.
Unloading 3378 Unused Serialized files (Serialized files now loaded: 0)
Unloading 20 unused Assets / (78.7 KB). Loaded Objects now: 3855.
Memory consumption went from 123.3 MB to 123.2 MB.
Total: 3.041300 ms (FindLiveObjects: 0.294500 ms CreateObjectMapping: 0.079100 ms MarkObjects: 2.568400 ms  DeleteObjects: 0.098000 ms)

AssetImportParameters requested are different than current active one (requested -> active):
  custom:video-decoder-ogg-theora: a1e56fd34408186e4bbccfd4996cb3dc -> 
  custom:container-muxer-webm: aa71ff27fc2769a1b78a27578f13a17b -> 
  custom:container-demuxer-webm: 4f35f7cbe854078d1ac9338744f61a02 -> 
  custom:video-encoder-webm-vp8: eb34c28f22e8b96e1ab97ce403110664 -> 
  custom:audio-encoder-webm-vorbis: bf7c407c2cedff20999df2af8eb42d56 -> 
  custom:framework-win-MediaFoundation: 216162199b28c13a410421893ffa2e32 -> 
  custom:container-demuxer-ogg: 62fdf1f143b41e24485cea50d1cbac27 -> 
  custom:video-decoder-webm-vp8: 9c59270c3fd7afecdb556c50c9e8de78 -> 
  custom:audio-decoder-ogg-vorbis: bf7c407c2cedff20999df2af8eb42d56 -> 
========================================================================
Received Import Request.
  Time since last request: 13432.001779 seconds.
  path: Assets/SkySeries Freebie/6sidedCosmicCoolCloud.mat
  artifactKey: Guid(f531e09e2ad2fb440b4eed7605863143) Importer(815301076,1909f56bfc062723c751e8b465ee728b)
Start importing Assets/SkySeries Freebie/6sidedCosmicCoolCloud.mat using Guid(f531e09e2ad2fb440b4eed7605863143) Importer(815301076,1909f56bfc062723c751e8b465ee728b)  -> (artifact id: '65169451687ac7c1854a7bf2faf29d32') in 0.136290 seconds 
========================================================================
Received Import Request.
  Time since last request: 0.000021 seconds.
  path: Assets/SkySeries Freebie/HighFantasy.mat
  artifactKey: Guid(e2341a9d03e86ec4290c72b1e22bbc7c) Importer(815301076,1909f56bfc062723c751e8b465ee728b)
Start importing Assets/SkySeries Freebie/HighFantasy.mat using Guid(e2341a9d03e86ec4290c72b1e22bbc7c) Importer(815301076,1909f56bfc062723c751e8b465ee728b)  -> (artifact id: 'ba47c4672047c35d1184f5ab22651033') in 0.063142 seconds 
========================================================================
Received Import Request.
  Time since last request: 0.000064 seconds.
  path: Assets/SkySeries Freebie/UnearthlyRed.mat
  artifactKey: Guid(5d133deeaa66ed445853e946ff25e073) Importer(815301076,1909f56bfc062723c751e8b465ee728b)
Start importing Assets/SkySeries Freebie/UnearthlyRed.mat using Guid(5d133deeaa66ed445853e946ff25e073) Importer(815301076,1909f56bfc062723c751e8b465ee728b)  -> (artifact id: 'b5b2318846026174d53a0f6d4d4a858e') in 0.049550 seconds 
========================================================================
Received Import Request.
  Time since last request: 0.000028 seconds.
  path: Assets/SkySeries Freebie/6SidedMegaSun.mat
  artifactKey: Guid(c52c5d7968fa6c9499b0b5752f899bfb) Importer(815301076,1909f56bfc062723c751e8b465ee728b)
Start importing Assets/SkySeries Freebie/6SidedMegaSun.mat using Guid(c52c5d7968fa6c9499b0b5752f899bfb) Importer(815301076,1909f56bfc062723c751e8b465ee728b)  -> (artifact id: 'a60c3bc036f4aaaf8331cdf15d58a6be') in 0.058732 seconds 
========================================================================
Received Import Request.
  Time since last request: 0.000028 seconds.
  path: Assets/SkySeries Freebie/Cloudymorning.mat
  artifactKey: Guid(d9dca9ae1786c394f9e79c637aa9a7bf) Importer(815301076,1909f56bfc062723c751e8b465ee728b)
Start importing Assets/SkySeries Freebie/Cloudymorning.mat using Guid(d9dca9ae1786c394f9e79c637aa9a7bf) Importer(815301076,1909f56bfc062723c751e8b465ee728b)  -> (artifact id: 'a3e30e30c587b6ff50614f4ec9811963') in 0.045118 seconds 
========================================================================
Received Import Request.
  Time since last request: 0.000035 seconds.
  path: Assets/SkySeries Freebie/SkyhighFluffycloudField.mat
  artifactKey: Guid(f15c336556dd74f40aaca655f7767970) Importer(815301076,1909f56bfc062723c751e8b465ee728b)
Start importing Assets/SkySeries Freebie/SkyhighFluffycloudField.mat using Guid(f15c336556dd74f40aaca655f7767970) Importer(815301076,1909f56bfc062723c751e8b465ee728b)  -> (artifact id: '8a7391db84a4ce9aa4f3284050fbf169') in 0.045380 seconds 
========================================================================
Received Import Request.
  Time since last request: 0.000027 seconds.
  path: Assets/SkySeries Freebie/DarkStorm.mat
  artifactKey: Guid(2039a0ad0a9d05549928b70362f54902) Importer(815301076,1909f56bfc062723c751e8b465ee728b)
Start importing Assets/SkySeries Freebie/DarkStorm.mat using Guid(2039a0ad0a9d05549928b70362f54902) Importer(815301076,1909f56bfc062723c751e8b465ee728b)  -> (artifact id: 'c5a460c287c314beb127737fa588f795') in 0.046335 seconds 
========================================================================
Received Import Request.
  Time since last request: 0.000038 seconds.
  path: Assets/SkySeries Freebie/AmbienceExposure.mat
  artifactKey: Guid(72deae4d18418f94688abef8e8483df0) Importer(815301076,1909f56bfc062723c751e8b465ee728b)
Start importing Assets/SkySeries Freebie/AmbienceExposure.mat using Guid(72deae4d18418f94688abef8e8483df0) Importer(815301076,1909f56bfc062723c751e8b465ee728b)  -> (artifact id: 'bfb97310124418507023d5d896a1476b') in 0.045306 seconds 
========================================================================
Received Import Request.
  Time since last request: 0.000063 seconds.
  path: Assets/SkySeries Freebie/FluffballDay.mat
  artifactKey: Guid(20d4f77b9022eab48b4d94599ed4bf82) Importer(815301076,1909f56bfc062723c751e8b465ee728b)
Start importing Assets/SkySeries Freebie/FluffballDay.mat using Guid(20d4f77b9022eab48b4d94599ed4bf82) Importer(815301076,1909f56bfc062723c751e8b465ee728b)  -> (artifact id: '6450da2f04f13d6e5d8b8671afe427db') in 0.045345 seconds 
========================================================================
Received Import Request.
  Time since last request: 0.000032 seconds.
  path: Assets/SkySeries Freebie/MegaSun.mat
  artifactKey: Guid(cede08c9fc471e64884909cd4bbeaf59) Importer(815301076,1909f56bfc062723c751e8b465ee728b)
Start importing Assets/SkySeries Freebie/MegaSun.mat using Guid(cede08c9fc471e64884909cd4bbeaf59) Importer(815301076,1909f56bfc062723c751e8b465ee728b)  -> (artifact id: 'b7f7fcabc800e3c7b0847eb83a5c7f75') in 0.042099 seconds 
========================================================================
Received Import Request.
  Time since last request: 2.018265 seconds.
  path: Assets/City/City Escape.fbx
  artifactKey: Guid(0e1dc9af39c41b94ab90296a895cd456) Importer(815301076,1909f56bfc062723c751e8b465ee728b)
Start importing Assets/City/City Escape.fbx using Guid(0e1dc9af39c41b94ab90296a895cd456) Importer(815301076,1909f56bfc062723c751e8b465ee728b)  -> (artifact id: 'cb8466cbb7f01fbbbcc29541563dfb28') in 0.189382 seconds 
========================================================================
Received Import Request.
  Time since last request: 2.629278 seconds.
  path: Assets/City/env/d2_old.png
  artifactKey: Guid(81889643756c354429cc5610c4292e30) Importer(815301076,1909f56bfc062723c751e8b465ee728b)
Start importing Assets/City/env/d2_old.png using Guid(81889643756c354429cc5610c4292e30) Importer(815301076,1909f56bfc062723c751e8b465ee728b)  -> (artifact id: '5d4b10bcbcca9f0493b374b4a6be4c0f') in 0.021940 seconds 
========================================================================
Received Import Request.
  Time since last request: 0.000020 seconds.
  path: Assets/City/env/sphere.png
  artifactKey: Guid(042ae187ff094734d93f8a464be02a48) Importer(815301076,1909f56bfc062723c751e8b465ee728b)
Start importing Assets/City/env/sphere.png using Guid(042ae187ff094734d93f8a464be02a48) Importer(815301076,1909f56bfc062723c751e8b465ee728b)  -> (artifact id: 'be658a27590097acd45ecd30084b152d') in 0.019213 seconds 
========================================================================
Received Import Request.
  Time since last request: 1.275055 seconds.
  path: Assets/City/mat/cte_builparts_ay1_door01.mat
  artifactKey: Guid(5f06e81a791e427418ec60a7d9dad9e7) Importer(815301076,1909f56bfc062723c751e8b465ee728b)
Start importing Assets/City/mat/cte_builparts_ay1_door01.mat using Guid(5f06e81a791e427418ec60a7d9dad9e7) Importer(815301076,1909f56bfc062723c751e8b465ee728b)  -> (artifact id: 'ff1bb13280fade3b4c430bb996bc506a') in 0.013528 seconds 
========================================================================
Received Import Request.
  Time since last request: 0.000018 seconds.
  path: Assets/City/mat/cte_builparts_yc1_door05.mat
  artifactKey: Guid(1afad2fcd59601446ad77033fb37fc1f) Importer(815301076,1909f56bfc062723c751e8b465ee728b)
Start importing Assets/City/mat/cte_builparts_yc1_door05.mat using Guid(1afad2fcd59601446ad77033fb37fc1f) Importer(815301076,1909f56bfc062723c751e8b465ee728b)  -> (artifact id: '97e8e27b1bd9526280c561a2d8954581') in 0.013786 seconds 
========================================================================
Received Import Request.
  Time since last request: 0.000021 seconds.
  path: Assets/City/mat/cte_builparts_ks2_stairs01.mat
  artifactKey: Guid(c29c3b084dc5cbe4294947ee65c8c00b) Importer(815301076,1909f56bfc062723c751e8b465ee728b)
Start importing Assets/City/mat/cte_builparts_ks2_stairs01.mat using Guid(c29c3b084dc5cbe4294947ee65c8c00b) Importer(815301076,1909f56bfc062723c751e8b465ee728b)  -> (artifact id: 'c844f3f2668ad751172aecbe4767c3f7') in 0.014159 seconds 
========================================================================
Received Import Request.
  Time since last request: 0.000019 seconds.
  path: Assets/City/mat/cte_builparts_ay1_roof03.mat
  artifactKey: Guid(135a83315ada66c45acfc6a2eee88c51) Importer(815301076,1909f56bfc062723c751e8b465ee728b)
Start importing Assets/City/mat/cte_builparts_ay1_roof03.mat using Guid(135a83315ada66c45acfc6a2eee88c51) Importer(815301076,1909f56bfc062723c751e8b465ee728b)  -> (artifact id: 'ca44638a28880bd4615b8aae5c4089fc') in 0.013574 seconds 
========================================================================
Received Import Request.
  Time since last request: 0.000020 seconds.
  path: Assets/City/mat/cte_builparts_tk1_parts04.mat
  artifactKey: Guid(178ac5f9703def74ea2383d58d3fc6e6) Importer(815301076,1909f56bfc062723c751e8b465ee728b)
Start importing Assets/City/mat/cte_builparts_tk1_parts04.mat using Guid(178ac5f9703def74ea2383d58d3fc6e6) Importer(815301076,1909f56bfc062723c751e8b465ee728b)  -> (artifact id: '657241562e8bc59e83274b84225f25df') in 0.014551 seconds 
========================================================================
Received Import Request.
  Time since last request: 0.000018 seconds.
  path: Assets/City/mat/cte_builparts_yc1_door03.mat
  artifactKey: Guid(7fe44bcbd088fe64086f5c121588bb1f) Importer(815301076,1909f56bfc062723c751e8b465ee728b)
Start importing Assets/City/mat/cte_builparts_yc1_door03.mat using Guid(7fe44bcbd088fe64086f5c121588bb1f) Importer(815301076,1909f56bfc062723c751e8b465ee728b)  -> (artifact id: '09aaa74d94e86ce4483d3f81e589503f') in 0.014896 seconds 
========================================================================
Received Import Request.
  Time since last request: 0.000030 seconds.
  path: Assets/City/mat/cte_builparts_ay1_shutter01.mat
  artifactKey: Guid(7c6a1611cd87f2944a5f39f94ab2e02f) Importer(815301076,1909f56bfc062723c751e8b465ee728b)
Start importing Assets/City/mat/cte_builparts_ay1_shutter01.mat using Guid(7c6a1611cd87f2944a5f39f94ab2e02f) Importer(815301076,1909f56bfc062723c751e8b465ee728b)  -> (artifact id: '3e38bba0c2822e1264cd8233a0510ace') in 0.016314 seconds 
========================================================================
Received Import Request.
  Time since last request: 0.000016 seconds.
  path: Assets/City/mat/cte_builparts_tk1_parts06.mat
  artifactKey: Guid(3c807a04195f08a479f503d3681ea85d) Importer(815301076,1909f56bfc062723c751e8b465ee728b)
Start importing Assets/City/mat/cte_builparts_tk1_parts06.mat using Guid(3c807a04195f08a479f503d3681ea85d) Importer(815301076,1909f56bfc062723c751e8b465ee728b)  -> (artifact id: 'acad465ee814b67e8cab2d9131a003ab') in 0.015814 seconds 
========================================================================
Received Import Request.
  Time since last request: 0.000028 seconds.
  path: Assets/City/mat/cte_builparts_ks2_showwin01.mat
  artifactKey: Guid(2026030888155d941855a5c432b846ae) Importer(815301076,1909f56bfc062723c751e8b465ee728b)
Start importing Assets/City/mat/cte_builparts_ks2_showwin01.mat using Guid(2026030888155d941855a5c432b846ae) Importer(815301076,1909f56bfc062723c751e8b465ee728b)  -> (artifact id: '40bf17e4260d37e34ff38e1da48afa4d') in 0.015394 seconds 
========================================================================
Received Import Request.
  Time since last request: 0.000021 seconds.
  path: Assets/City/mat/cte_builparts_tk1_door02.mat
  artifactKey: Guid(2f3b73754fb58b14aae234d42d65babf) Importer(815301076,1909f56bfc062723c751e8b465ee728b)
Start importing Assets/City/mat/cte_builparts_tk1_door02.mat using Guid(2f3b73754fb58b14aae234d42d65babf) Importer(815301076,1909f56bfc062723c751e8b465ee728b)  -> (artifact id: '1987f1c4eee266b47f70207b9576eef6') in 0.015712 seconds 
========================================================================
Received Import Request.
  Time since last request: 0.000026 seconds.
  path: Assets/City/mat/cte_builparts_ks2_fence01.mat
  artifactKey: Guid(a9a5c282f064a484dab43461bef1d7dc) Importer(815301076,1909f56bfc062723c751e8b465ee728b)
Start importing Assets/City/mat/cte_builparts_ks2_fence01.mat using Guid(a9a5c282f064a484dab43461bef1d7dc) Importer(815301076,1909f56bfc062723c751e8b465ee728b)  -> (artifact id: '9bf690d31852e7e860a68d7994b1d4aa') in 0.014047 seconds 
========================================================================
Received Import Request.
  Time since last request: 0.000020 seconds.
  path: Assets/City/mat/cte_builparts_yc1_door01.mat
  artifactKey: Guid(3804ca41ee54ff547b1743051b879f32) Importer(815301076,1909f56bfc062723c751e8b465ee728b)
Start importing Assets/City/mat/cte_builparts_yc1_door01.mat using Guid(3804ca41ee54ff547b1743051b879f32) Importer(815301076,1909f56bfc062723c751e8b465ee728b)  -> (artifact id: 'b5e0296a1c7d82ebc966e51637c207ab') in 0.015948 seconds 
========================================================================
Received Import Request.
  Time since last request: 0.000018 seconds.
  path: Assets/City/mat/cte_builparts_ks2_window02.mat
  artifactKey: Guid(9e75818caca31c84295bbd97c114a9f4) Importer(815301076,1909f56bfc062723c751e8b465ee728b)
Start importing Assets/City/mat/cte_builparts_ks2_window02.mat using Guid(9e75818caca31c84295bbd97c114a9f4) Importer(815301076,1909f56bfc062723c751e8b465ee728b)  -> (artifact id: 'c4c04764aa6be5e8d8b69ec801baa0b3') in 0.014626 seconds 
========================================================================
Received Import Request.
  Time since last request: 0.000019 seconds.
  path: Assets/City/mat/cte_builparts_ks2_pillar01.mat
  artifactKey: Guid(08a5a9746e4df234eaf0832a24b2b0d2) Importer(815301076,1909f56bfc062723c751e8b465ee728b)
Start importing Assets/City/mat/cte_builparts_ks2_pillar01.mat using Guid(08a5a9746e4df234eaf0832a24b2b0d2) Importer(815301076,1909f56bfc062723c751e8b465ee728b)  -> (artifact id: '765ec6fb5dcba07f6e9958bc4c64392f') in 0.015336 seconds 
========================================================================
Received Import Request.
  Time since last request: 0.000018 seconds.
  path: Assets/City/mat/cte_builparts_ay1_window03.mat
  artifactKey: Guid(f75e1dabfbed36b4aa98efcd762f6ea8) Importer(815301076,1909f56bfc062723c751e8b465ee728b)
Start importing Assets/City/mat/cte_builparts_ay1_window03.mat using Guid(f75e1dabfbed36b4aa98efcd762f6ea8) Importer(815301076,1909f56bfc062723c751e8b465ee728b)  -> (artifact id: '6ab9aa2343797b0135cf4c1ddbd43f64') in 0.015299 seconds 
========================================================================
Received Import Request.
  Time since last request: 0.000020 seconds.
  path: Assets/City/mat/cte_builparts_ay1_roof01.002.mat
  artifactKey: Guid(77bafb740bce8c14dad6b6910f9fcc0f) Importer(815301076,1909f56bfc062723c751e8b465ee728b)
Start importing Assets/City/mat/cte_builparts_ay1_roof01.002.mat using Guid(77bafb740bce8c14dad6b6910f9fcc0f) Importer(815301076,1909f56bfc062723c751e8b465ee728b)  -> (artifact id: '6bc236b3ee06b27853f495ca2237daca') in 0.014432 seconds 
========================================================================
Received Import Request.
  Time since last request: 0.000018 seconds.
  path: Assets/City/mat/cte_builparts_ks2_fence02.mat
  artifactKey: Guid(44a31f69ced05e24599c09661bc3171d) Importer(815301076,1909f56bfc062723c751e8b465ee728b)
Start importing Assets/City/mat/cte_builparts_ks2_fence02.mat using Guid(44a31f69ced05e24599c09661bc3171d) Importer(815301076,1909f56bfc062723c751e8b465ee728b)  -> (artifact id: 'efb1ae606c54aec30656803889304824') in 0.013399 seconds 
========================================================================
Received Import Request.
  Time since last request: 10.762384 seconds.
  path: Assets/City/mat/cte_builparts_yc1_fence04.mat
  artifactKey: Guid(6e414f23d1ed6eb4fa019e99ced3f3b5) Importer(815301076,1909f56bfc062723c751e8b465ee728b)
Start importing Assets/City/mat/cte_builparts_yc1_fence04.mat using Guid(6e414f23d1ed6eb4fa019e99ced3f3b5) Importer(815301076,1909f56bfc062723c751e8b465ee728b)  -> (artifact id: '89266dde89926f19cdd8afef1aab93f4') in 0.013505 seconds 
========================================================================
Received Import Request.
  Time since last request: 0.000030 seconds.
  path: Assets/City/mat/cte_builparts_yc1_parts02.mat
  artifactKey: Guid(d8d72134469bd0d41bca95e2e62592c7) Importer(815301076,1909f56bfc062723c751e8b465ee728b)
Start importing Assets/City/mat/cte_builparts_yc1_parts02.mat using Guid(d8d72134469bd0d41bca95e2e62592c7) Importer(815301076,1909f56bfc062723c751e8b465ee728b)  -> (artifact id: '43ee8d6a4d5f919d9f20e8a888768b66') in 0.015648 seconds 
========================================================================
Received Import Request.
  Time since last request: 0.000029 seconds.
  path: Assets/City/mat/cte_builparts_yc1_step02.mat
  artifactKey: Guid(299a04591c92d114e9be7290bfa7484f) Importer(815301076,1909f56bfc062723c751e8b465ee728b)
Start importing Assets/City/mat/cte_builparts_yc1_step02.mat using Guid(299a04591c92d114e9be7290bfa7484f) Importer(815301076,1909f56bfc062723c751e8b465ee728b)  -> (artifact id: '7653b59194364c7892824839d24deb0f') in 0.015587 seconds 
========================================================================
Received Import Request.
  Time since last request: 0.000018 seconds.
  path: Assets/City/mat/cte_ground_ks2_tile03.mat
  artifactKey: Guid(84a00b7d88b094a4c944cc458690158c) Importer(815301076,1909f56bfc062723c751e8b465ee728b)
Start importing Assets/City/mat/cte_ground_ks2_tile03.mat using Guid(84a00b7d88b094a4c944cc458690158c) Importer(815301076,1909f56bfc062723c751e8b465ee728b)  -> (artifact id: '28f8214bd10ccd0c3b8593ffe49d1887') in 0.017022 seconds 
========================================================================
Received Import Request.
  Time since last request: 0.000018 seconds.
  path: Assets/City/mat/cte_ground_kd1_dirt_blend.mat
  artifactKey: Guid(01b5e687d49f43647953bfcbb672e5c4) Importer(815301076,1909f56bfc062723c751e8b465ee728b)
Start importing Assets/City/mat/cte_ground_kd1_dirt_blend.mat using Guid(01b5e687d49f43647953bfcbb672e5c4) Importer(815301076,1909f56bfc062723c751e8b465ee728b)  -> (artifact id: '204fa0240d7a5f15c1b11d6f82dcd29f') in 0.015281 seconds 
========================================================================
Received Import Request.
  Time since last request: 0.000021 seconds.
  path: Assets/City/mat/cte_plant_hh_potflower.003.mat
  artifactKey: Guid(27f136ec548d9a94498b74fe9f945546) Importer(815301076,1909f56bfc062723c751e8b465ee728b)
Start importing Assets/City/mat/cte_plant_hh_potflower.003.mat using Guid(27f136ec548d9a94498b74fe9f945546) Importer(815301076,1909f56bfc062723c751e8b465ee728b)  -> (artifact id: '65855f04553666805ba552f73c7a6e80') in 0.016450 seconds 
========================================================================
Received Import Request.
  Time since last request: 0.000019 seconds.
  path: Assets/City/mat/cte_metal_billboard02.mat
  artifactKey: Guid(55bc02fc4c93d2d44a9733a564c35166) Importer(815301076,1909f56bfc062723c751e8b465ee728b)
Start importing Assets/City/mat/cte_metal_billboard02.mat using Guid(55bc02fc4c93d2d44a9733a564c35166) Importer(815301076,1909f56bfc062723c751e8b465ee728b)  -> (artifact id: '2e554f6538a064bc00041175007d6480') in 0.015972 seconds 
========================================================================
Received Import Request.
  Time since last request: 0.000024 seconds.
  path: Assets/City/mat/cte_metal_billboard01.mat
  artifactKey: Guid(7eff9c09ca40a824388dcb43919bdeac) Importer(815301076,1909f56bfc062723c751e8b465ee728b)
Start importing Assets/City/mat/cte_metal_billboard01.mat using Guid(7eff9c09ca40a824388dcb43919bdeac) Importer(815301076,1909f56bfc062723c751e8b465ee728b)  -> (artifact id: 'a744d1519eb78515029656b2b5da24e2') in 0.015844 seconds 
========================================================================
Received Import Request.
  Time since last request: 0.000018 seconds.
  path: Assets/City/mat/cte_ground_kd1_roadc1.003.mat
  artifactKey: Guid(bb97a2875c2b45d4a9f182f20b0cb7b6) Importer(815301076,1909f56bfc062723c751e8b465ee728b)
Start importing Assets/City/mat/cte_ground_kd1_roadc1.003.mat using Guid(bb97a2875c2b45d4a9f182f20b0cb7b6) Importer(815301076,1909f56bfc062723c751e8b465ee728b)  -> (artifact id: '5e044a2f259843d6d68ab4b684b327b4') in 0.015080 seconds 
========================================================================
Received Import Request.
  Time since last request: 0.000021 seconds.
  path: Assets/City/mat/cte_metal_kd1_rail.mat
  artifactKey: Guid(4cc556bfad5b96f4183a887bd29f36c3) Importer(815301076,1909f56bfc062723c751e8b465ee728b)
Start importing Assets/City/mat/cte_metal_kd1_rail.mat using Guid(4cc556bfad5b96f4183a887bd29f36c3) Importer(815301076,1909f56bfc062723c751e8b465ee728b)  -> (artifact id: '5664e641b83a20b686363c1ac0b18315') in 0.016320 seconds 
========================================================================
Received Import Request.
  Time since last request: 0.000021 seconds.
  path: Assets/City/mat/cte_ground_kd1_roadb2_blend.mat
  artifactKey: Guid(35424a9629ddf62439b1ec5983dddf16) Importer(815301076,1909f56bfc062723c751e8b465ee728b)
Start importing Assets/City/mat/cte_ground_kd1_roadb2_blend.mat using Guid(35424a9629ddf62439b1ec5983dddf16) Importer(815301076,1909f56bfc062723c751e8b465ee728b)  -> (artifact id: 'f1b18d1874b2caf142abbe484e44dd72') in 0.015780 seconds 
========================================================================
Received Import Request.
  Time since last request: 0.000023 seconds.
  path: Assets/City/mat/cte_etc_tk1_aircon01.mat
  artifactKey: Guid(b4a0b54667634324c80c8a6c79a1cbe3) Importer(815301076,1909f56bfc062723c751e8b465ee728b)
Start importing Assets/City/mat/cte_etc_tk1_aircon01.mat using Guid(b4a0b54667634324c80c8a6c79a1cbe3) Importer(815301076,1909f56bfc062723c751e8b465ee728b)  -> (artifact id: 'd886545b71f60bf20aef056d3f22650e') in 0.015534 seconds 
========================================================================
Received Import Request.
  Time since last request: 0.000026 seconds.
  path: Assets/City/mat/cte_plant_sk_flowerz04.002.mat
  artifactKey: Guid(89cc90785bc72b944af3adfd711d06b9) Importer(815301076,1909f56bfc062723c751e8b465ee728b)
Start importing Assets/City/mat/cte_plant_sk_flowerz04.002.mat using Guid(89cc90785bc72b944af3adfd711d06b9) Importer(815301076,1909f56bfc062723c751e8b465ee728b)  -> (artifact id: '976eb7617c70b92e82fdd1237d300e7a') in 0.016438 seconds 
========================================================================
Received Import Request.
  Time since last request: 0.000022 seconds.
  path: Assets/City/mat/cte_metal_ay1_side01.mat
  artifactKey: Guid(6a8f492d53e039c49be7ebcbc6294ce4) Importer(815301076,1909f56bfc062723c751e8b465ee728b)
Start importing Assets/City/mat/cte_metal_ay1_side01.mat using Guid(6a8f492d53e039c49be7ebcbc6294ce4) Importer(815301076,1909f56bfc062723c751e8b465ee728b)  -> (artifact id: '228ee2b8e066d01afdeaa1f56fa080e2') in 0.016140 seconds 
========================================================================
Received Import Request.
  Time since last request: 0.000153 seconds.
  path: Assets/City/mat/cte_plant_sk_treeB02.mat
  artifactKey: Guid(bf181c96d5cda004b9478bc1d917c5c4) Importer(815301076,1909f56bfc062723c751e8b465ee728b)
Start importing Assets/City/mat/cte_plant_sk_treeB02.mat using Guid(bf181c96d5cda004b9478bc1d917c5c4) Importer(815301076,1909f56bfc062723c751e8b465ee728b)  -> (artifact id: '7a432a8b566ecdbf33ba5153eb5a100b') in 0.015051 seconds 
========================================================================
Received Import Request.
  Time since last request: 0.000025 seconds.
  path: Assets/City/mat/cte_wall_ay1_brick01.002.mat
  artifactKey: Guid(ddd34bd11cf5d044594e36aeaf9cf500) Importer(815301076,1909f56bfc062723c751e8b465ee728b)
Start importing Assets/City/mat/cte_wall_ay1_brick01.002.mat using Guid(ddd34bd11cf5d044594e36aeaf9cf500) Importer(815301076,1909f56bfc062723c751e8b465ee728b)  -> (artifact id: 'c8e55102706f3918b252d1272f529582') in 0.016959 seconds 
========================================================================
Received Import Request.
  Time since last request: 0.000021 seconds.
  path: Assets/City/mat/cte_wall_ks2_builwall03.mat
  artifactKey: Guid(ec8883fe68a66a846ba5cea6ce359cd7) Importer(815301076,1909f56bfc062723c751e8b465ee728b)
Start importing Assets/City/mat/cte_wall_ks2_builwall03.mat using Guid(ec8883fe68a66a846ba5cea6ce359cd7) Importer(815301076,1909f56bfc062723c751e8b465ee728b)  -> (artifact id: 'd0a69f51b5106dedb53cc31054d6bef7') in 0.015708 seconds 
========================================================================
Received Import Request.
  Time since last request: 0.000017 seconds.
  path: Assets/City/mat/cte_wall_tk1_wall03.mat
  artifactKey: Guid(3350d280afbb6a34d8bd23d3e5b7f946) Importer(815301076,1909f56bfc062723c751e8b465ee728b)
Start importing Assets/City/mat/cte_wall_tk1_wall03.mat using Guid(3350d280afbb6a34d8bd23d3e5b7f946) Importer(815301076,1909f56bfc062723c751e8b465ee728b)  -> (artifact id: 'a295d579eaa8c43a07ba1ab63a36adf9') in 0.016058 seconds 
========================================================================
Received Import Request.
  Time since last request: 0.000017 seconds.
  path: Assets/City/mat/cte_wall_yc1_wall03.mat
  artifactKey: Guid(e32a90ec7afc606439371e67fefdce98) Importer(815301076,1909f56bfc062723c751e8b465ee728b)
Start importing Assets/City/mat/cte_wall_yc1_wall03.mat using Guid(e32a90ec7afc606439371e67fefdce98) Importer(815301076,1909f56bfc062723c751e8b465ee728b)  -> (artifact id: '8dd74f8b592351c35a02b61ffb1bc2e2') in 0.015610 seconds 
========================================================================
Received Import Request.
  Time since last request: 0.000021 seconds.
  path: Assets/City/mat/cte_wall_yc1_wall04.mat
  artifactKey: Guid(cf1b5435ad0f6354a929d6a128e211f6) Importer(815301076,1909f56bfc062723c751e8b465ee728b)
Start importing Assets/City/mat/cte_wall_yc1_wall04.mat using Guid(cf1b5435ad0f6354a929d6a128e211f6) Importer(815301076,1909f56bfc062723c751e8b465ee728b)  -> (artifact id: '411b23b78ab81e974dfc9f30b3caa00c') in 0.015532 seconds 
========================================================================
Received Import Request.
  Time since last request: 0.000023 seconds.
  path: Assets/City/mat/cte_wall_ks2_builwall01.mat
  artifactKey: Guid(b4b21d5a019f70b49974626b10ce4dcb) Importer(815301076,1909f56bfc062723c751e8b465ee728b)
Start importing Assets/City/mat/cte_wall_ks2_builwall01.mat using Guid(b4b21d5a019f70b49974626b10ce4dcb) Importer(815301076,1909f56bfc062723c751e8b465ee728b)  -> (artifact id: '65a144a87b4beab043db1f700e888745') in 0.016351 seconds 
========================================================================
Received Import Request.
  Time since last request: 0.000019 seconds.
  path: Assets/City/mat/cte_wood_ay1_woodwall06.mat
  artifactKey: Guid(48c8c4518d0cc4e488ce8330d63c6954) Importer(815301076,1909f56bfc062723c751e8b465ee728b)
Start importing Assets/City/mat/cte_wood_ay1_woodwall06.mat using Guid(48c8c4518d0cc4e488ce8330d63c6954) Importer(815301076,1909f56bfc062723c751e8b465ee728b)  -> (artifact id: 'b0a3d1674e8efd95693e1079654e2d01') in 0.016284 seconds 
========================================================================
Received Import Request.
  Time since last request: 0.000018 seconds.
  path: Assets/City/mat/cte_wall_ks2_brick03.mat
  artifactKey: Guid(24f2f72f1f12ca144a0a2365c16b2bc6) Importer(815301076,1909f56bfc062723c751e8b465ee728b)
Start importing Assets/City/mat/cte_wall_ks2_brick03.mat using Guid(24f2f72f1f12ca144a0a2365c16b2bc6) Importer(815301076,1909f56bfc062723c751e8b465ee728b)  -> (artifact id: '1c95a3feae78618ed2653adfa20db59a') in 0.015744 seconds 
========================================================================
Received Import Request.
  Time since last request: 0.000016 seconds.
  path: Assets/City/mat/cte_wall_ks2_builwall09.mat
  artifactKey: Guid(b4dd2f3f5989dab4398d93b524f38d1b) Importer(815301076,1909f56bfc062723c751e8b465ee728b)
Start importing Assets/City/mat/cte_wall_ks2_builwall09.mat using Guid(b4dd2f3f5989dab4398d93b524f38d1b) Importer(815301076,1909f56bfc062723c751e8b465ee728b)  -> (artifact id: 'cae9ba4e5c29c7567f99618edc91a440') in 0.015492 seconds 
========================================================================
Received Import Request.
  Time since last request: 0.000021 seconds.
  path: Assets/City/mat/cte_wall_ks2_builwall06.mat
  artifactKey: Guid(49e96a9a7b0f1d14b9163d60b624697d) Importer(815301076,1909f56bfc062723c751e8b465ee728b)
Start importing Assets/City/mat/cte_wall_ks2_builwall06.mat using Guid(49e96a9a7b0f1d14b9163d60b624697d) Importer(815301076,1909f56bfc062723c751e8b465ee728b)  -> (artifact id: '6c228143e0675862ad6ddb1cea794d2d') in 0.015528 seconds 
========================================================================
Received Import Request.
  Time since last request: 0.000051 seconds.
  path: Assets/City/mat/cte_wall_ks2_builwall02.mat
  artifactKey: Guid(45560f39bd3ff19468aacb02d119b36d) Importer(815301076,1909f56bfc062723c751e8b465ee728b)
Start importing Assets/City/mat/cte_wall_ks2_builwall02.mat using Guid(45560f39bd3ff19468aacb02d119b36d) Importer(815301076,1909f56bfc062723c751e8b465ee728b)  -> (artifact id: '29f300f5e6323fabfa2781e6c23e9e78') in 0.015229 seconds 
========================================================================
Received Import Request.
  Time since last request: 0.000018 seconds.
  path: Assets/City/mat/cte_wood_ay1_woodwall02.mat
  artifactKey: Guid(1556acc1d5d8f1f439af495531444af7) Importer(815301076,1909f56bfc062723c751e8b465ee728b)
Start importing Assets/City/mat/cte_wood_ay1_woodwall02.mat using Guid(1556acc1d5d8f1f439af495531444af7) Importer(815301076,1909f56bfc062723c751e8b465ee728b)  -> (artifact id: 'b268380b9cb74fe7b2d56ec8e90eaf42') in 0.014982 seconds 
========================================================================
Received Import Request.
  Time since last request: 0.000022 seconds.
  path: Assets/City/mat/cte_wall_yc1_wall01.mat
  artifactKey: Guid(5030c340640f7044d8ecdbe28e167f67) Importer(815301076,1909f56bfc062723c751e8b465ee728b)
Start importing Assets/City/mat/cte_wall_yc1_wall01.mat using Guid(5030c340640f7044d8ecdbe28e167f67) Importer(815301076,1909f56bfc062723c751e8b465ee728b)  -> (artifact id: '883ed61da3413c95d077507f6575ad2f') in 0.014670 seconds 
========================================================================
Received Import Request.
  Time since last request: 0.000024 seconds.
  path: Assets/City/mat/cte_wall_tk1_wall04.mat
  artifactKey: Guid(a4f50375215b50b40b70ef4d9d2cccea) Importer(815301076,1909f56bfc062723c751e8b465ee728b)
Start importing Assets/City/mat/cte_wall_tk1_wall04.mat using Guid(a4f50375215b50b40b70ef4d9d2cccea) Importer(815301076,1909f56bfc062723c751e8b465ee728b)  -> (artifact id: '960a8d8032d41c19c564af5fe58a8b19') in 0.015138 seconds 
========================================================================
Received Import Request.
  Time since last request: 0.000022 seconds.
  path: Assets/City/mat/cte_wall_yc1_wall06.mat
  artifactKey: Guid(3c5a5b06dd02f3244891b67afbd5fbb5) Importer(815301076,1909f56bfc062723c751e8b465ee728b)
Start importing Assets/City/mat/cte_wall_yc1_wall06.mat using Guid(3c5a5b06dd02f3244891b67afbd5fbb5) Importer(815301076,1909f56bfc062723c751e8b465ee728b)  -> (artifact id: '22daa31604a7a2cd82b6014bb660a0f0') in 0.014767 seconds 
========================================================================
Received Import Request.
  Time since last request: 0.000021 seconds.
  path: Assets/City/mat/cte_wall_yk1_billboarda.mat
  artifactKey: Guid(991ebd0fd4f62ad46bedbf398bd844b2) Importer(815301076,1909f56bfc062723c751e8b465ee728b)
Start importing Assets/City/mat/cte_wall_yk1_billboarda.mat using Guid(991ebd0fd4f62ad46bedbf398bd844b2) Importer(815301076,1909f56bfc062723c751e8b465ee728b)  -> (artifact id: '3ba781d8c4953222edcf1a2110ab1f2c') in 0.015876 seconds 
========================================================================
Received Import Request.
  Time since last request: 0.000024 seconds.
  path: Assets/City/mat/cte_wall_yc1_brick01.mat
  artifactKey: Guid(f6d21f28ecb67c24dbed7547f7d38111) Importer(815301076,1909f56bfc062723c751e8b465ee728b)
Start importing Assets/City/mat/cte_wall_yc1_brick01.mat using Guid(f6d21f28ecb67c24dbed7547f7d38111) Importer(815301076,1909f56bfc062723c751e8b465ee728b)  -> (artifact id: '30850a66e5a9f1eb107b3ec213d0b332') in 0.014979 seconds 
========================================================================
Received Import Request.
  Time since last request: 0.000026 seconds.
  path: Assets/City/mat/cte_wall_ks2_brick01.mat
  artifactKey: Guid(644eac4ee11a397449e194a5eb13f242) Importer(815301076,1909f56bfc062723c751e8b465ee728b)
Start importing Assets/City/mat/cte_wall_ks2_brick01.mat using Guid(644eac4ee11a397449e194a5eb13f242) Importer(815301076,1909f56bfc062723c751e8b465ee728b)  -> (artifact id: '5a4b15eeac604291d534f42eeab0de15') in 0.015168 seconds 
========================================================================
Received Prepare
Registering precompiled user dll's ...
Registered in 0.004728 seconds.
Begin MonoManager ReloadAssembly
Native extension for WindowsStandalone target not found
Native extension for WebGL target not found
Refreshing native plugins compatible for Editor in 0.80 ms, found 3 plugins.
Preloading 0 native plugins for Editor in 0.00 ms.
Mono: successfully reloaded assembly
- Completed reload, in  0.898 seconds
Domain Reload Profiling:
	ReloadAssembly (899ms)
		BeginReloadAssembly (123ms)
			ExecutionOrderSort (0ms)
			DisableScriptedObjects (3ms)
			BackupInstance (0ms)
			ReleaseScriptingObjects (0ms)
			CreateAndSetChildDomain (35ms)
		EndReloadAssembly (680ms)
			LoadAssemblies (74ms)
			RebuildTransferFunctionScriptingTraits (0ms)
			SetupTypeCache (235ms)
			ReleaseScriptCaches (2ms)
			RebuildScriptCaches (34ms)
			SetupLoadedEditorAssemblies (296ms)
				LogAssemblyErrors (0ms)
				InitializePlatformSupportModulesInManaged (13ms)
				SetLoadedEditorAssemblies (0ms)
				RefreshPlugins (1ms)
				BeforeProcessingInitializeOnLoad (70ms)
				ProcessInitializeOnLoadAttributes (177ms)
				ProcessInitializeOnLoadMethodAttributes (25ms)
				AfterProcessingInitializeOnLoad (10ms)
				EditorAssembliesLoaded (0ms)
			ExecutionOrderSort2 (0ms)
			AwakeInstancesAfterBackupRestoration (7ms)
Platform modules already initialized, skipping
Refreshing native plugins compatible for Editor in 2.12 ms, found 3 plugins.
Preloading 0 native plugins for Editor in 0.00 ms.
Unloading 3378 Unused Serialized files (Serialized files now loaded: 0)
Unloading 20 unused Assets / (78.7 KB). Loaded Objects now: 3901.
Memory consumption went from 136.5 MB to 136.4 MB.
Total: 2.824800 ms (FindLiveObjects: 0.312400 ms CreateObjectMapping: 0.092900 ms MarkObjects: 2.325800 ms  DeleteObjects: 0.092700 ms)

AssetImportParameters requested are different than current active one (requested -> active):
  custom:video-decoder-ogg-theora: a1e56fd34408186e4bbccfd4996cb3dc -> 
  custom:container-muxer-webm: aa71ff27fc2769a1b78a27578f13a17b -> 
  custom:container-demuxer-webm: 4f35f7cbe854078d1ac9338744f61a02 -> 
  custom:video-encoder-webm-vp8: eb34c28f22e8b96e1ab97ce403110664 -> 
  custom:audio-encoder-webm-vorbis: bf7c407c2cedff20999df2af8eb42d56 -> 
  custom:framework-win-MediaFoundation: 216162199b28c13a410421893ffa2e32 -> 
  custom:container-demuxer-ogg: 62fdf1f143b41e24485cea50d1cbac27 -> 
  custom:video-decoder-webm-vp8: 9c59270c3fd7afecdb556c50c9e8de78 -> 
  custom:audio-decoder-ogg-vorbis: bf7c407c2cedff20999df2af8eb42d56 -> 
========================================================================
Received Prepare
Refreshing native plugins compatible for Editor in 3.74 ms, found 3 plugins.
Preloading 0 native plugins for Editor in 0.00 ms.
Unloading 20 Unused Serialized files (Serialized files now loaded: 0)
Unloading 20 unused Assets / (76.0 KB). Loaded Objects now: 3901.
Memory consumption went from 69.3 MB to 69.2 MB.
Total: 3.050600 ms (FindLiveObjects: 0.299700 ms CreateObjectMapping: 0.078300 ms MarkObjects: 2.601900 ms  DeleteObjects: 0.070000 ms)

AssetImportParameters requested are different than current active one (requested -> active):
  custom:video-decoder-ogg-theora: a1e56fd34408186e4bbccfd4996cb3dc -> 
  custom:container-muxer-webm: aa71ff27fc2769a1b78a27578f13a17b -> 
  custom:container-demuxer-webm: 4f35f7cbe854078d1ac9338744f61a02 -> 
  custom:video-encoder-webm-vp8: eb34c28f22e8b96e1ab97ce403110664 -> 
  custom:audio-encoder-webm-vorbis: bf7c407c2cedff20999df2af8eb42d56 -> 
  custom:framework-win-MediaFoundation: 216162199b28c13a410421893ffa2e32 -> 
  custom:container-demuxer-ogg: 62fdf1f143b41e24485cea50d1cbac27 -> 
  custom:video-decoder-webm-vp8: 9c59270c3fd7afecdb556c50c9e8de78 -> 
  custom:audio-decoder-ogg-vorbis: bf7c407c2cedff20999df2af8eb42d56 -> 
